<?xml version="1.0" encoding="UTF-8"?>
<!-- Generated by org.testng.reporters.JUnitXMLReporter -->
<testsuite hostname="RAMESH-PC" name="Test" tests="2" failures="2" timestamp="4 Feb 2017 08:21:30 GMT" time="0.05" errors="0">
  <testcase name="M2" time="0.018" classname="PP1.Class1">
    <failure type="java.lang.NullPointerException">
      <![CDATA[java.lang.NullPointerException
	at PP1.Class1.M2(Class1.java:27)
... Removed 24 stack frames]]>
    </failure>
  </testcase> <!-- M2 -->
  <testcase name="M4" time="0.002" classname="PP1.Class1">
    <failure type="java.lang.NullPointerException">
      <![CDATA[java.lang.NullPointerException
	at PP1.Class1.M4(Class1.java:37)
... Removed 24 stack frames]]>
    </failure>
  </testcase> <!-- M4 -->
</testsuite> <!-- Test -->
