<?xml version="1.0" encoding="UTF-8"?>
<testng-results skipped="0" failed="0" total="1" passed="1">
  <reporter-output>
  </reporter-output>
  <suite name="Default suite" duration-ms="20353" started-at="2017-02-08T16:14:46Z" finished-at="2017-02-08T16:15:07Z">
    <groups>
    </groups>
    <test name="Default test" duration-ms="20353" started-at="2017-02-08T16:14:46Z" finished-at="2017-02-08T16:15:07Z">
      <class name="PP1.Class4">
        <test-method status="PASS" signature="m1()[pri:0, instance:PP1.Class4@2a5ca609]" name="m1" is-config="true" duration-ms="15682" started-at="2017-02-08T21:44:46Z" finished-at="2017-02-08T21:45:02Z">
          <reporter-output>
          </reporter-output>
        </test-method> <!-- m1 -->
        <test-method status="PASS" signature="m2()[pri:0, instance:PP1.Class4@2a5ca609]" name="m2" duration-ms="4601" started-at="2017-02-08T21:45:02Z" finished-at="2017-02-08T21:45:07Z">
          <reporter-output>
          </reporter-output>
        </test-method> <!-- m2 -->
        <test-method status="PASS" signature="m3()[pri:0, instance:PP1.Class4@2a5ca609]" name="m3" is-config="true" duration-ms="41" started-at="2017-02-08T21:45:07Z" finished-at="2017-02-08T21:45:07Z">
          <reporter-output>
          </reporter-output>
        </test-method> <!-- m3 -->
      </class> <!-- PP1.Class4 -->
    </test> <!-- Default test -->
  </suite> <!-- Default suite -->
</testng-results>
